<?xml version="1.0" encoding="UTF-8"?>
<testsuite name="hexlet.tests.AppTest" tests="1" skipped="0" failures="0" errors="0" timestamp="2023-03-01T16:51:56" hostname="DESKTOP-QDNM031" time="0.022">
  <properties/>
  <testcase name="compareJson()" classname="hexlet.tests.AppTest" time="0.022"/>
  <system-out><![CDATA[]]></system-out>
  <system-err><![CDATA[]]></system-err>
</testsuite>
