<?xml version="1.0" encoding="UTF-8"?>
<testsuite name="hexlet.tests.AppTest" tests="3" skipped="0" failures="0" errors="0" timestamp="2023-03-03T19:27:07" hostname="DESKTOP-QDNM031" time="0.022">
  <properties/>
  <testcase name="getMap()" classname="hexlet.tests.AppTest" time="0.018"/>
  <testcase name="testCompareJson()" classname="hexlet.tests.AppTest" time="0.001"/>
  <testcase name="printSortedMap()" classname="hexlet.tests.AppTest" time="0.001"/>
  <system-out><![CDATA[]]></system-out>
  <system-err><![CDATA[]]></system-err>
</testsuite>
